<?xml version="1.0" encoding="utf-8"?><testsuites name="pytest tests"><testsuite name="pytest" errors="0" failures="0" skipped="0" tests="13" time="5.749" timestamp="2026-04-11T16:05:59.003259+00:00" hostname="agent-env-b5b76497-e49b-4b2b-9a3a-834775d27fc2"><testcase classname="backend.tests.test_wormdemon_api.TestHealthEndpoint" name="test_health_endpoint_returns_200" time="0.222" /><testcase classname="backend.tests.test_wormdemon_api.TestHealthEndpoint" name="test_root_endpoint" time="0.142" /><testcase classname="backend.tests.test_wormdemon_api.TestChatEndpoint" name="test_chat_calm_message" time="0.688" /><testcase classname="backend.tests.test_wormdemon_api.TestChatEndpoint" name="test_chat_profanity_response" time="0.701" /><testcase classname="backend.tests.test_wormdemon_api.TestChatEndpoint" name="test_chat_location_privacy" time="0.649" /><testcase classname="backend.tests.test_wormdemon_api.TestChatEndpoint" name="test_chat_technical_question" time="1.309" /><testcase classname="backend.tests.test_wormdemon_api.TestChatEndpoint" name="test_chat_session_context" time="0.377" /><testcase classname="backend.tests.test_wormdemon_api.TestChatEndpoint" name="test_chat_returns_transaction_id" time="0.287" /><testcase classname="backend.tests.test_wormdemon_api.TestIPInfoEndpoint" name="test_ip_info_returns_data" time="0.220" /><testcase classname="backend.tests.test_wormdemon_api.TestIntelCollectEndpoint" name="test_intel_collect_saves_data" time="0.128" /><testcase classname="backend.tests.test_wormdemon_api.TestStatusEndpoint" name="test_get_status_list" time="0.101" /><testcase classname="backend.tests.test_wormdemon_api.TestStatusEndpoint" name="test_create_status" time="0.123" /><testcase classname="backend.tests.test_wormdemon_api.TestRateLimiting" name="test_rate_limit_not_exceeded_normal_use" time="0.728" /></testsuite></testsuites>